--------------------------------------------------------------------------------
Release 13.4 Trace  (lin64)
Copyright (c) 1995-2011 Xilinx, Inc.  All rights reserved.

/opt/Xilinx/13.4/ISE_DS/ISE/bin/lin64/unwrapped/trce -intstyle ise -v 3 -s 2 -n
3 -fastpaths -xml nx3_audio.twx nx3_audio.ncd -o nx3_audio.twr nx3_audio.pcf
-ucf nx3_audio.ucf

Design file:              nx3_audio.ncd
Physical constraint file: nx3_audio.pcf
Device,package,speed:     xc6slx16,csg324,C,-2 (PRODUCTION 1.21 2012-01-07)
Report level:             verbose report

Environment Variable      Effect 
--------------------      ------ 
NONE                      No environment variables were set
--------------------------------------------------------------------------------

INFO:Timing:2698 - No timing constraints found, doing default enumeration.
INFO:Timing:3412 - To improve timing, see the Timing Closure User Guide (UG612).
INFO:Timing:2752 - To get complete path coverage, use the unconstrained paths 
   option. All paths that are not constrained will be reported in the 
   unconstrained paths section(s) of the report.
INFO:Timing:3339 - The clock-to-out numbers in this timing report are based on 
   a 50 Ohm transmission line loading model.  For the details of this model, 
   and for more information on accounting for different loading conditions, 
   please see the device datasheet.



Data Sheet report:
-----------------
All values displayed in nanoseconds (ns)

Setup/Hold to clock clk
------------+------------+------------+------------+------------+------------------+--------+
            |Max Setup to|  Process   |Max Hold to |  Process   |                  | Clock  |
Source      | clk (edge) |   Corner   | clk (edge) |   Corner   |Internal Clock(s) | Phase  |
------------+------------+------------+------------+------------+------------------+--------+
uart_rx     |    3.614(R)|      SLOW  |   -1.611(R)|      FAST  |sampleClock       |   0.000|
------------+------------+------------+------------+------------+------------------+--------+

Clock clk to Pad
------------+-----------------+------------+-----------------+------------+------------------+--------+
            |Max (slowest) clk|  Process   |Min (fastest) clk|  Process   |                  | Clock  |
Destination |  (edge) to PAD  |   Corner   |  (edge) to PAD  |   Corner   |Internal Clock(s) | Phase  |
------------+-----------------+------------+-----------------+------------+------------------+--------+
digit<0>    |         8.241(R)|      SLOW  |         3.629(R)|      FAST  |sampleClock       |   0.000|
digit<1>    |         8.254(R)|      SLOW  |         3.644(R)|      FAST  |sampleClock       |   0.000|
digit<2>    |         7.702(R)|      SLOW  |         3.469(R)|      FAST  |sampleClock       |   0.000|
digit<3>    |         7.715(R)|      SLOW  |         3.484(R)|      FAST  |sampleClock       |   0.000|
segments<0> |        12.579(R)|      SLOW  |         4.688(R)|      FAST  |sampleClock       |   0.000|
segments<1> |        12.686(R)|      SLOW  |         4.741(R)|      FAST  |sampleClock       |   0.000|
segments<2> |        12.581(R)|      SLOW  |         4.732(R)|      FAST  |sampleClock       |   0.000|
segments<3> |        13.414(R)|      SLOW  |         5.051(R)|      FAST  |sampleClock       |   0.000|
segments<4> |        13.093(R)|      SLOW  |         5.004(R)|      FAST  |sampleClock       |   0.000|
segments<5> |        12.999(R)|      SLOW  |         4.911(R)|      FAST  |sampleClock       |   0.000|
segments<6> |        13.010(R)|      SLOW  |         5.082(R)|      FAST  |sampleClock       |   0.000|
segments<7> |        12.494(R)|      SLOW  |         4.883(R)|      FAST  |sampleClock       |   0.000|
------------+-----------------+------------+-----------------+------------+------------------+--------+

Clock to Setup on destination clock clk
---------------+---------+---------+---------+---------+
               | Src:Rise| Src:Fall| Src:Rise| Src:Fall|
Source Clock   |Dest:Rise|Dest:Rise|Dest:Fall|Dest:Fall|
---------------+---------+---------+---------+---------+
clk            |    3.828|         |         |         |
---------------+---------+---------+---------+---------+


Analysis completed Sat Jan 10 09:47:24 2015 
--------------------------------------------------------------------------------

Trace Settings:
-------------------------
Trace Settings 

Peak Memory Usage: 439 MB



