Command line:
   sincos_tb_isim_beh.exe
     -simmode  gui
     -simrunnum  0
     -socket  40578

Sat Dec 27 19:19:42 2014


 Elaboration Time: 0.01 sec

 Current Memory Usage: 183.652 Meg

 Total Signals          : 195
 Total Nets             : 2423
 Total Signal Drivers   : 201
 Total Blocks           : 104
 Total Primitive Blocks : 65
 Total Processes        : 173
 Total Traceable Variables  : 390
 Total Scalar Nets and Variables : 47079
Total Line Count : 366

 Total Simulation Time: 0.26 sec

 Current Memory Usage: 259.154 Meg

Sat Dec 27 19:20:15 2014

