SET_PARAMETER phase_has_tuser false
SET_PARAMETER pipelining_mode No_Pipelining
SET_PARAMETER aresetn false
SET_PARAMETER cartesian_has_tlast false
SET_PARAMETER iterations 0
SET_PARAMETER aclken false
SET_PARAMETER optimize_goal Performance
SET_PARAMETER phase_has_tlast false
SET_PARAMETER flow_control NonBlocking
SET_PARAMETER out_tready false
SET_PARAMETER functional_selection Sin_and_Cos
SET_PARAMETER coarse_rotation true
SET_PARAMETER phase_format Scaled_Radians
SET_PARAMETER round_mode Round_Pos_Neg_Inf
SET_PARAMETER architectural_configuration Parallel
SET_PARAMETER data_format SignedFraction
SET_PARAMETER output_width 24
SET_PARAMETER component_name SinCos
SET_PARAMETER precision 0
SET_PARAMETER out_tlast_behv Null
SET_PARAMETER phase_tuser_width 1
SET_PARAMETER cartesian_tuser_width 1
SET_PARAMETER input_width 24
SET_PARAMETER compensation_scaling No_Scale_Compensation
SET_PARAMETER cartesian_has_tuser false
SET_ERROR_CODE 2
SET_ERROR_MSG  CANCEL: Customization cancelled.
SET_ERROR_TEXT Finished initializing IP model.	
