Command line:
   UART_RX_isim_beh.exe
     -simmode  gui
     -simrunnum  0
     -socket  59963

Thu Jan  8 11:57:17 2015


 Elaboration Time: 0.02 sec

 Current Memory Usage: 180.396 Meg

 Total Signals          : 8
 Total Nets             : 33
 Total Signal Drivers   : 6
 Total Blocks           : 4
 Total Primitive Blocks : 4
 Total Processes        : 2
 Total Traceable Variables  : 12
 Total Scalar Nets and Variables : 431
Total Line Count : 12
Total Line Count : 12

 Total Simulation Time: 0.52 sec

 Current Memory Usage: 255.898 Meg

Thu Jan  8 11:58:25 2015

