Command line:
   audioClock_isim_beh.exe
     -simmode  gui
     -simrunnum  0
     -socket  45376

Tue Jan  6 18:21:55 2015


 Elaboration Time: 0.01 sec

 Current Memory Usage: 180.396 Meg

 Total Signals          : 3
 Total Nets             : 5
 Total Signal Drivers   : 2
 Total Blocks           : 4
 Total Primitive Blocks : 4
 Total Processes        : 1
 Total Traceable Variables  : 10
 Total Scalar Nets and Variables : 383
Total Line Count : 5

 Total Simulation Time: 0.02 sec

 Current Memory Usage: 255.898 Meg

Tue Jan  6 18:22:06 2015

