Command line:
   sineGen_tb_isim_beh.exe
     -simmode  gui
     -simrunnum  0
     -socket  48192

Mon Dec 29 16:01:04 2014


 Elaboration Time: 0.02 sec

 Current Memory Usage: 183.8 Meg

 Total Signals          : 201
 Total Nets             : 2496
 Total Signal Drivers   : 205
 Total Blocks           : 105
 Total Primitive Blocks : 65
 Total Processes        : 178
 Total Traceable Variables  : 392
 Total Scalar Nets and Variables : 47154
Total Line Count : 374

 Total Simulation Time: 1.9 sec

 Current Memory Usage: 259.301 Meg

Mon Dec 29 16:01:43 2014

