Command line:
   audioClock_tb_isim_beh.exe
     -simmode  gui
     -simrunnum  0
     -socket  33597

Tue Jan  6 18:29:20 2015


 Elaboration Time: 0.01 sec

 Current Memory Usage: 180.396 Meg

 Total Signals          : 5
 Total Nets             : 5
 Total Signal Drivers   : 3
 Total Blocks           : 5
 Total Primitive Blocks : 4
 Total Processes        : 3
 Total Traceable Variables  : 11
 Total Scalar Nets and Variables : 384
Total Line Count : 10

 Total Simulation Time: 0.17 sec

 Current Memory Usage: 255.898 Meg

Tue Jan  6 19:03:35 2015

